Array
(
    [email] => Adeyemimic@yahoo.com
    [password] => Xyz456$%^
)
[]
[]
{"action":"create_receipt"}
{"action":"create_receipt"}
{"action":"create_receipt"}
[]
{"action":"create_receipt\n"}
{"action":"create_receipt\n"}
{"action":"create_receipt\n"}
{"action":"create_receipt\n\n"}
{"action":"create_invoice\n"}
{"action":"create_invoice\n"}
{"action":"create_receipt"}
[]
[]
[]
{"action":"create_invoice\n"}
{"action":"create_receipt\n"}
[]
[]
[]
[]
[]
[]
Invalid action or request method
[]
Invalid action or request method
[]
Invalid action or request method
[]
Invalid action or request method
[]
Invalid action or request method
[]
Invalid action or request method
[]
Invalid action or request method
[]
Invalid action or request method
[]
Invalid action or request method
[]
Invalid action or request method
[]
Invalid action or request method
[]
Invalid request method: GET
[]
Invalid request method: GET
[]
Invalid request method: GET
[]
Invalid action: none
[]
Invalid action: none
[]
Invalid request method: GET
[]
Invalid action: none
[]
Invalid request method: GET
[]
Invalid action: none
{"action":"create_invoice\n"}
Invalid action: create_invoice

{"action":"create_invoice\n"}
Invalid action: create_invoice

